Performing C++ SOURCE FILE Test HAS_NO_EXCEPT_TYPE_SIGNATURE_SUPPORT failed with the following output:
Change Dir: E:/Projects/ElflordPP.git/ThirdParty/rttr/x64/CMakeFiles/CMakeTmp

Run Build Command:"C:/Program Files (x86)/Microsoft Visual Studio/2017/Community/MSBuild/15.0/Bin/MSBuild.exe" "cmTC_af59e.vcxproj" "/p:Configuration=Debug" "/p:VisualStudioVersion=15.0"
Microsoft (R) Build Engine version 15.4.8.50001 for .NET Framework
Copyright (C) Microsoft Corporation. All rights reserved.

Build started 08/14/2018 20:49:16.
Project "E:\Projects\ElflordPP.git\ThirdParty\rttr\x64\CMakeFiles\CMakeTmp\cmTC_af59e.vcxproj" on node 1 (default targets).
PrepareForBuild:
  Creating directory "cmTC_af59e.dir\Debug\".
  Creating directory "E:\Projects\ElflordPP.git\ThirdParty\rttr\x64\CMakeFiles\CMakeTmp\Debug\".
  Creating directory "cmTC_af59e.dir\Debug\cmTC_af59e.tlog\".
InitializeBuildStatus:
  Creating "cmTC_af59e.dir\Debug\cmTC_af59e.tlog\unsuccessfulbuild" because "AlwaysCreate" was specified.
ClCompile:
  C:\Program Files (x86)\Microsoft Visual Studio\2017\Community\VC\Tools\MSVC\14.11.25503\bin\HostX86\x64\CL.exe /c /Zi /W3 /WX- /diagnostics:classic /Od /Ob0 /D WIN32 /D _WINDOWS /D HAS_NO_EXCEPT_TYPE_SIGNATURE_SUPPORT /D _DEBUG /D "CMAKE_INTDIR=\"Debug\"" /D _MBCS /Gm- /EHsc /RTC1 /MDd /GS /fp:precise /Zc:wchar_t /Zc:forScope /Zc:inline /GR /Fo"cmTC_af59e.dir\Debug\\" /Fd"cmTC_af59e.dir\Debug\vc141.pdb" /Gd /TP /errorReport:queue E:\Projects\ElflordPP.git\ThirdParty\rttr\x64\CMakeFiles\CMakeTmp\src.cxx
  Microsoft (R) C/C++ Optimizing Compiler Version 19.11.25547 for x64
  Copyright (C) Microsoft Corporation.  All rights reserved.
  
  cl /c /Zi /W3 /WX- /diagnostics:classic /Od /Ob0 /D WIN32 /D _WINDOWS /D HAS_NO_EXCEPT_TYPE_SIGNATURE_SUPPORT /D _DEBUG /D "CMAKE_INTDIR=\"Debug\"" /D _MBCS /Gm- /EHsc /RTC1 /MDd /GS /fp:precise /Zc:wchar_t /Zc:forScope /Zc:inline /GR /Fo"cmTC_af59e.dir\Debug\\" /Fd"cmTC_af59e.dir\Debug\vc141.pdb" /Gd /TP /errorReport:queue E:\Projects\ElflordPP.git\ThirdParty\rttr\x64\CMakeFiles\CMakeTmp\src.cxx
  src.cxx
  
E:\Projects\ElflordPP.git\ThirdParty\rttr\x64\CMakeFiles\CMakeTmp\src.cxx(4): error C2279: exception specification cannot appear in a typedef declaration [E:\Projects\ElflordPP.git\ThirdParty\rttr\x64\CMakeFiles\CMakeTmp\cmTC_af59e.vcxproj]
E:\Projects\ElflordPP.git\ThirdParty\rttr\x64\CMakeFiles\CMakeTmp\src.cxx(9): error C2039: 'type': is not a member of 'std::enable_if<false,int>' [E:\Projects\ElflordPP.git\ThirdParty\rttr\x64\CMakeFiles\CMakeTmp\cmTC_af59e.vcxproj]
  E:\Projects\ElflordPP.git\ThirdParty\rttr\x64\CMakeFiles\CMakeTmp\src.cxx(6): note: see declaration of 'std::enable_if<false,int>'
E:\Projects\ElflordPP.git\ThirdParty\rttr\x64\CMakeFiles\CMakeTmp\src.cxx(9): error C4430: missing type specifier - int assumed. Note: C++ does not support default-int [E:\Projects\ElflordPP.git\ThirdParty\rttr\x64\CMakeFiles\CMakeTmp\cmTC_af59e.vcxproj]
E:\Projects\ElflordPP.git\ThirdParty\rttr\x64\CMakeFiles\CMakeTmp\src.cxx(9): error C2146: syntax error: missing ';' before identifier 'i' [E:\Projects\ElflordPP.git\ThirdParty\rttr\x64\CMakeFiles\CMakeTmp\cmTC_af59e.vcxproj]
Done Building Project "E:\Projects\ElflordPP.git\ThirdParty\rttr\x64\CMakeFiles\CMakeTmp\cmTC_af59e.vcxproj" (default targets) -- FAILED.

Build FAILED.

"E:\Projects\ElflordPP.git\ThirdParty\rttr\x64\CMakeFiles\CMakeTmp\cmTC_af59e.vcxproj" (default target) (1) ->
(ClCompile target) -> 
  E:\Projects\ElflordPP.git\ThirdParty\rttr\x64\CMakeFiles\CMakeTmp\src.cxx(4): error C2279: exception specification cannot appear in a typedef declaration [E:\Projects\ElflordPP.git\ThirdParty\rttr\x64\CMakeFiles\CMakeTmp\cmTC_af59e.vcxproj]
  E:\Projects\ElflordPP.git\ThirdParty\rttr\x64\CMakeFiles\CMakeTmp\src.cxx(9): error C2039: 'type': is not a member of 'std::enable_if<false,int>' [E:\Projects\ElflordPP.git\ThirdParty\rttr\x64\CMakeFiles\CMakeTmp\cmTC_af59e.vcxproj]
  E:\Projects\ElflordPP.git\ThirdParty\rttr\x64\CMakeFiles\CMakeTmp\src.cxx(9): error C4430: missing type specifier - int assumed. Note: C++ does not support default-int [E:\Projects\ElflordPP.git\ThirdParty\rttr\x64\CMakeFiles\CMakeTmp\cmTC_af59e.vcxproj]
  E:\Projects\ElflordPP.git\ThirdParty\rttr\x64\CMakeFiles\CMakeTmp\src.cxx(9): error C2146: syntax error: missing ';' before identifier 'i' [E:\Projects\ElflordPP.git\ThirdParty\rttr\x64\CMakeFiles\CMakeTmp\cmTC_af59e.vcxproj]

    0 Warning(s)
    4 Error(s)

Time Elapsed 00:00:00.55

Source file was:

                              #include <type_traits>
                              typedef void F();
                              typedef void G() noexcept;
                              
                              std::enable_if<
                                  !std::is_same<F, G>::value,
                                  int
                              >::type i = 42;
                              
                              int main() { return 0; }
                              
